# JRE version: Java(TM) SE Runtime Environment (8.0_40-b26) (build 1.8.0_40-b26)
# Java VM: Java HotSpot(TM) 64-Bit Server VM (25.40-b25 mixed mode windows-amd64 compressed oops)
Heap:
 PSYoungGen      total 253440K, used 40264K [0x00000000e0000000, 0x00000000f2b80000, 0x0000000100000000)
  eden space 218112K, 10% used [0x00000000e0000000,0x00000000e16de090,0x00000000ed500000)
  from space 35328K, 47% used [0x00000000ed500000,0x00000000ee5740f0,0x00000000ef780000)
  to   space 36352K, 0% used [0x00000000ef780000,0x00000000ef780000,0x00000000f1b00000)
 ParOldGen       total 144384K, used 101472K [0x00000000a0000000, 0x00000000a8d00000, 0x00000000e0000000)
  object space 144384K, 70% used [0x00000000a0000000,0x00000000a6318298,0x00000000a8d00000)
 Metaspace       used 84315K, capacity 89440K, committed 89640K, reserved 1126400K
  class space    used 10833K, capacity 11996K, committed 12080K, reserved 1048576K
GC Heap History (10 events):
Event: 2616.318 GC heap before
{Heap before GC invocations=24 (full 3):
 PSYoungGen      total 222208K, used 222181K [0x00000000e0000000, 0x00000000f0a80000, 0x0000000100000000)
  eden space 190464K, 100% used [0x00000000e0000000,0x00000000eba00000,0x00000000eba00000)
  from space 31744K, 99% used [0x00000000eeb80000,0x00000000f0a796c0,0x00000000f0a80000)
  to   space 37376K, 0% used [0x00000000ec180000,0x00000000ec180000,0x00000000ee600000)
 ParOldGen       total 144384K, used 79026K [0x00000000a0000000, 0x00000000a8d00000, 0x00000000e0000000)
  object space 144384K, 54% used [0x00000000a0000000,0x00000000a4d2cbe0,0x00000000a8d00000)
 Metaspace       used 84085K, capacity 89176K, committed 89384K, reserved 1126400K
  class space    used 10833K, capacity 11996K, committed 12080K, reserved 1048576K
Event: 2616.356 GC heap after
Heap after GC invocations=24 (full 3):
 PSYoungGen      total 235520K, used 18916K [0x00000000e0000000, 0x00000000f1b00000, 0x0000000100000000)
  eden space 198144K, 0% used [0x00000000e0000000,0x00000000e0000000,0x00000000ec180000)
  from space 37376K, 50% used [0x00000000ec180000,0x00000000ed3f9168,0x00000000ee600000)
  to   space 36352K, 0% used [0x00000000ef780000,0x00000000ef780000,0x00000000f1b00000)
 ParOldGen       total 144384K, used 88550K [0x00000000a0000000, 0x00000000a8d00000, 0x00000000e0000000)
  object space 144384K, 61% used [0x00000000a0000000,0x00000000a56798a8,0x00000000a8d00000)
 Metaspace       used 84085K, capacity 89176K, committed 89384K, reserved 1126400K
  class space    used 10833K, capacity 11996K, committed 12080K, reserved 1048576K
}
Event: 2617.200 GC heap before
{Heap before GC invocations=25 (full 3):
 PSYoungGen      total 235520K, used 217060K [0x00000000e0000000, 0x00000000f1b00000, 0x0000000100000000)
  eden space 198144K, 100% used [0x00000000e0000000,0x00000000ec180000,0x00000000ec180000)
  from space 37376K, 50% used [0x00000000ec180000,0x00000000ed3f9168,0x00000000ee600000)
  to   space 36352K, 0% used [0x00000000ef780000,0x00000000ef780000,0x00000000f1b00000)
 ParOldGen       total 144384K, used 88550K [0x00000000a0000000, 0x00000000a8d00000, 0x00000000e0000000)
  object space 144384K, 61% used [0x00000000a0000000,0x00000000a56798a8,0x00000000a8d00000)
 Metaspace       used 84186K, capacity 89368K, committed 89640K, reserved 1126400K
  class space    used 10833K, capacity 11996K, committed 12080K, reserved 1048576K
Event: 2617.245 GC heap after
Heap after GC invocations=25 (full 3):
 PSYoungGen      total 254464K, used 20312K [0x00000000e0000000, 0x00000000f2b80000, 0x0000000100000000)
  eden space 218112K, 0% used [0x00000000e0000000,0x00000000e0000000,0x00000000ed500000)
  from space 36352K, 55% used [0x00000000ef780000,0x00000000f0b56148,0x00000000f1b00000)
  to   space 35328K, 0% used [0x00000000ed500000,0x00000000ed500000,0x00000000ef780000)
 ParOldGen       total 144384K, used 88558K [0x00000000a0000000, 0x00000000a8d00000, 0x00000000e0000000)
  object space 144384K, 61% used [0x00000000a0000000,0x00000000a567b8a8,0x00000000a8d00000)
 Metaspace       used 84186K, capacity 89368K, committed 89640K, reserved 1126400K
  class space    used 10833K, capacity 11996K, committed 12080K, reserved 1048576K
}
Event: 2618.084 GC heap before
{Heap before GC invocations=26 (full 3):
 PSYoungGen      total 254464K, used 238424K [0x00000000e0000000, 0x00000000f2b80000, 0x0000000100000000)
  eden space 218112K, 100% used [0x00000000e0000000,0x00000000ed500000,0x00000000ed500000)
  from space 36352K, 55% used [0x00000000ef780000,0x00000000f0b56148,0x00000000f1b00000)
  to   space 35328K, 0% used [0x00000000ed500000,0x00000000ed500000,0x00000000ef780000)
 ParOldGen       total 144384K, used 88558K [0x00000000a0000000, 0x00000000a8d00000, 0x00000000e0000000)
  object space 144384K, 61% used [0x00000000a0000000,0x00000000a567b8a8,0x00000000a8d00000)
 Metaspace       used 84212K, capacity 89376K, committed 89640K, reserved 1126400K
  class space    used 10833K, capacity 11996K, committed 12080K, reserved 1048576K
Event: 2618.167 GC heap after
Heap after GC invocations=26 (full 3):
 PSYoungGen      total 253440K, used 23704K [0x00000000e0000000, 0x00000000f2b80000, 0x0000000100000000)
  eden space 218112K, 0% used [0x00000000e0000000,0x00000000e0000000,0x00000000ed500000)
  from space 35328K, 67% used [0x00000000ed500000,0x00000000eec26150,0x00000000ef780000)
  to   space 36352K, 0% used [0x00000000ef780000,0x00000000ef780000,0x00000000f1b00000)
 ParOldGen       total 144384K, used 88558K [0x00000000a0000000, 0x00000000a8d00000, 0x00000000e0000000)
  object space 144384K, 61% used [0x00000000a0000000,0x00000000a567b8a8,0x00000000a8d00000)
 Metaspace       used 84212K, capacity 89376K, committed 89640K, reserved 1126400K
  class space    used 10833K, capacity 11996K, committed 12080K, reserved 1048576K
}
Event: 2618.841 GC heap before
{Heap before GC invocations=27 (full 3):
 PSYoungGen      total 253440K, used 241816K [0x00000000e0000000, 0x00000000f2b80000, 0x0000000100000000)
  eden space 218112K, 100% used [0x00000000e0000000,0x00000000ed500000,0x00000000ed500000)
  from space 35328K, 67% used [0x00000000ed500000,0x00000000eec26150,0x00000000ef780000)
  to   space 36352K, 0% used [0x00000000ef780000,0x00000000ef780000,0x00000000f1b00000)
 ParOldGen       total 144384K, used 88558K [0x00000000a0000000, 0x00000000a8d00000, 0x00000000e0000000)
  object space 144384K, 61% used [0x00000000a0000000,0x00000000a567b8a8,0x00000000a8d00000)
 Metaspace       used 84258K, capacity 89440K, committed 89640K, reserved 1126400K
  class space    used 10833K, capacity 11996K, committed 12080K, reserved 1048576K
Event: 2618.872 GC heap after
Heap after GC invocations=27 (full 3):
 PSYoungGen      total 254464K, used 26740K [0x00000000e0000000, 0x00000000f2b80000, 0x0000000100000000)
  eden space 218112K, 0% used [0x00000000e0000000,0x00000000e0000000,0x00000000ed500000)
  from space 36352K, 73% used [0x00000000ef780000,0x00000000f119d118,0x00000000f1b00000)
  to   space 35328K, 0% used [0x00000000ed500000,0x00000000ed500000,0x00000000ef780000)
 ParOldGen       total 144384K, used 90509K [0x00000000a0000000, 0x00000000a8d00000, 0x00000000e0000000)
  object space 144384K, 62% used [0x00000000a0000000,0x00000000a5863420,0x00000000a8d00000)
 Metaspace       used 84258K, capacity 89440K, committed 89640K, reserved 1126400K
  class space    used 10833K, capacity 11996K, committed 12080K, reserved 1048576K
}
Event: 2619.622 GC heap before
{Heap before GC invocations=28 (full 3):
 PSYoungGen      total 254464K, used 244852K [0x00000000e0000000, 0x00000000f2b80000, 0x0000000100000000)
  eden space 218112K, 100% used [0x00000000e0000000,0x00000000ed500000,0x00000000ed500000)
  from space 36352K, 73% used [0x00000000ef780000,0x00000000f119d118,0x00000000f1b00000)
  to   space 35328K, 0% used [0x00000000ed500000,0x00000000ed500000,0x00000000ef780000)
 ParOldGen       total 144384K, used 90509K [0x00000000a0000000, 0x00000000a8d00000, 0x00000000e0000000)
  object space 144384K, 62% used [0x00000000a0000000,0x00000000a5863420,0x00000000a8d00000)
 Metaspace       used 84315K, capacity 89440K, committed 89640K, reserved 1126400K
  class space    used 10833K, capacity 11996K, committed 12080K, reserved 1048576K
Event: 2619.710 GC heap after
Heap after GC invocations=28 (full 3):
 PSYoungGen      total 253440K, used 16848K [0x00000000e0000000, 0x00000000f2b80000, 0x0000000100000000)
  eden space 218112K, 0% used [0x00000000e0000000,0x00000000e0000000,0x00000000ed500000)
  from space 35328K, 47% used [0x00000000ed500000,0x00000000ee5740f0,0x00000000ef780000)
  to   space 36352K, 0% used [0x00000000ef780000,0x00000000ef780000,0x00000000f1b00000)
 ParOldGen       total 144384K, used 101472K [0x00000000a0000000, 0x00000000a8d00000, 0x00000000e0000000)
  object space 144384K, 70% used [0x00000000a0000000,0x00000000a6318298,0x00000000a8d00000)
 Metaspace       used 84315K, capacity 89440K, committed 89640K, reserved 1126400K
  class space    used 10833K, capacity 11996K, committed 12080K, reserved 1048576K
}

